[2024-12-20 08:57:45] ERROR: Error during login:  
[2024-12-20 13:09:15] ERROR: Error fetching event for user with ID: undefined: undefined 
[2024-12-20 13:11:11] ERROR: Error fetching event for user with ID: 125: undefined 
[2024-12-20 13:12:03] ERROR: Error fetching event for user with ID: 125: undefined 
[2024-12-20 13:12:40] ERROR: Error fetching event for user with ID: 125, error: Cannot read properties of undefined (reading 'event_start') 
[2024-12-20 13:15:46] ERROR: Error fetching event for user with ID: 125, error: Cannot read properties of undefined (reading 'event_start') 
[2024-12-20 13:18:21] ERROR: Error fetching event for user with ID: 125, error: Cannot read properties of undefined (reading 'event_start') 
[2024-12-20 14:27:01] ERROR: Error fetching users: "locations is not defined" 
[2024-12-20 14:27:01] ERROR: Error fetching users: "locations is not defined" 
[2024-12-20 15:00:32] ERROR: Internal Server Error: trying to update user with ID: 14 error : "res.info is not a function" 
[2024-12-20 15:00:33] ERROR: Internal Server Error: trying to update user with ID: 14 error : "res.info is not a function" 
[2024-12-20 15:00:35] ERROR: Internal Server Error: trying to update user with ID: 14 error : "res.info is not a function" 
[2024-12-20 15:02:43] ERROR: Internal Server Error: trying to update user with ID: 14 error : "res.info is not a function" 
[2024-12-20 15:02:45] ERROR: Internal Server Error: trying to update user with ID: 14 error : "res.info is not a function" 
[2024-12-20 15:02:47] ERROR: Internal Server Error: trying to update user with ID: 14 error : "res.info is not a function" 
[2024-12-20 15:06:10] ERROR: Error deleting Users with ID undefined: "client is not defined" 
[2024-12-20 15:07:11] ERROR: Error deleting Users with ID undefined: "client is not defined" 
[2024-12-20 15:07:30] ERROR: Error deleting Users with ID undefined: "client is not defined" 
[2024-12-20 15:08:23] ERROR: Error deleting Users with ID undefined: "client is not defined" 
[2024-12-20 15:08:44] ERROR: Error deleting Users with ID undefined: "update or delete on table \"users\" violates foreign key constraint \"event_user_id_fkey\" on table \"event\"" 
[2024-12-20 15:10:35] ERROR: Error deleting Users with ID undefined: "update or delete on table \"users\" violates foreign key constraint \"event_user_id_fkey\" on table \"event\"" 
[2024-12-20 15:22:16] ERROR: Error updating message: value "1234509876546" is out of range for type integer 
[2024-12-20 15:22:17] ERROR: Error updating message: value "1234509876546" is out of range for type integer 
[2024-12-20 15:22:20] ERROR: Error updating message: value "1234509876546" is out of range for type integer 
[2024-12-20 16:14:42] ERROR: Error fetching number of messages: undefined 
[2024-12-20 16:14:42] ERROR: Error fetching number of messages: undefined 
[2024-12-20 16:14:55] ERROR: Error fetching number of messages: undefined 
[2024-12-20 16:14:55] ERROR: Error fetching number of messages: undefined 
[2024-12-20 16:15:33] ERROR: Error fetching number of messages: undefined 
[2024-12-20 16:15:33] ERROR: Error fetching number of messages: undefined 
[2024-12-22 20:18:20] ERROR: Error fetching number of events: "relation \"event\" does not exist" 
[2024-12-22 20:42:25] ERROR: Error fetching accepted LinkUserEvent: "Cannot set properties of undefined (setting 'is_accepted')" 
[2024-12-22 20:42:42] ERROR: Error fetching accepted LinkUserEvent: "Cannot set properties of undefined (setting 'is_accepted')" 
[2024-12-22 20:43:00] ERROR: Error fetching accepted LinkUserEvent: "Cannot set properties of undefined (setting 'is_accepted')" 
[2024-12-28 10:40:33] ERROR: Error accepting invitation: "invalid input syntax for type integer: \"{\"id\":3}\"" 
[2024-12-28 10:41:03] ERROR: Error accepting invitation: "invalid input syntax for type integer: \"NaN\"" 
[2024-12-28 18:58:51] ERROR: Error deleting event for user with ID: 1: "Cannot read properties of undefined (reading 'id')" 
[2024-12-28 18:59:02] ERROR: Error deleting event for user with ID: 1: "Cannot read properties of undefined (reading 'id')" 
[2024-12-28 21:27:06] ERROR: Error deleting event for user with ID: 1: "Cannot read properties of undefined (reading 'id')" 
[2024-12-28 21:28:21] ERROR: Error deleting event for user with ID: 1: "Cannot read properties of undefined (reading 'id')" 
[2024-12-28 21:29:03] ERROR: Error deleting event for user with ID: 1: "Cannot read properties of undefined (reading 'id')" 
[2024-12-28 21:59:12] ERROR: Error updating user: "No field given" 
[2024-12-29 11:50:57] ERROR: Error when checking Acces: undefined 
[2024-12-29 11:52:00] ERROR: Error when checking Acces: undefined 
[2024-12-29 11:52:15] ERROR: Error when checking Acces: undefined 
[2024-12-29 11:53:27] ERROR: Error when checking Acces: undefined 
[2024-12-29 11:57:49] ERROR: Error when checking Acces: undefined 
[2024-12-30 11:29:59] ERROR: Error updating user: "No field given" 
[2024-12-30 11:30:12] ERROR: Error updating user: "No field given" 
[2024-12-30 11:30:17] ERROR: Error updating user: "No field given" 
[2024-12-30 11:56:52] ERROR: Error updating user: "No field given" 
[2024-12-30 11:57:00] ERROR: Error updating user: "No field given" 
[2024-12-30 11:57:18] ERROR: Error updating user: "No field given" 
[2024-12-30 11:57:21] ERROR: Error updating user: "No field given" 
[2024-12-30 11:57:58] ERROR: Error updating user: "No field given" 
[2024-12-30 11:58:14] ERROR: Error updating user: "No field given" 
[2024-12-30 12:00:07] ERROR: Error updating user: "No field given" 
[2024-12-30 12:07:56] ERROR: Error updating user: "No field given" 
[2024-12-30 15:09:13] ERROR: Error checking email existence: "emails is not iterable" 
[2024-12-30 15:09:36] ERROR: Error checking email existence: "emails is not iterable" 
[2024-12-30 15:09:52] ERROR: Error checking email existence: "emails is not iterable" 
[2024-12-30 15:10:24] ERROR: Error checking email existence: "emails is not iterable" 
[2024-12-30 15:10:57] ERROR: Error checking email existence: "emails is not iterable" 
[2024-12-30 15:11:33] ERROR: Error checking email existence: "emails is not iterable" 
[2024-12-30 15:13:05] ERROR: Error checking email existence: "emails is not iterable" 
[2024-12-30 15:13:42] ERROR: Error checking email existence: "emails is not iterable" 
[2024-12-30 16:12:23] ERROR: Error accepting invitation: "Cannot read properties of undefined (reading 'id')" 
[2024-12-30 16:48:49] ERROR: Error accepting invitation: "Cannot read properties of undefined (reading 'id')" 
[2024-12-30 16:50:03] ERROR: Error accepting invitation: "Cannot read properties of undefined (reading 'id')" 
[2024-12-30 16:50:29] ERROR: Error accepting invitation: "Cannot read properties of undefined (reading 'id')" 
[2024-12-30 16:50:50] ERROR: Error accepting invitation: "Cannot read properties of undefined (reading 'id')" 
[2024-12-30 16:50:52] ERROR: Error accepting invitation: "Cannot read properties of undefined (reading 'id')" 
[2024-12-30 16:51:00] ERROR: Error accepting invitation: "Cannot read properties of undefined (reading 'id')" 
[2024-12-30 16:51:18] ERROR: Error accepting invitation: "Cannot read properties of undefined (reading 'id')" 
[2024-12-30 16:51:18] ERROR: Error accepting invitation: "Cannot read properties of undefined (reading 'id')" 
[2024-12-30 16:52:00] ERROR: Error accepting invitation: "Cannot read properties of undefined (reading 'id')" 
[2024-12-30 16:53:28] ERROR: Error accepting invitation: "Cannot read properties of undefined (reading 'id')" 
[2024-12-30 16:59:54] ERROR: Error when checking Acces: undefined 
[2024-12-30 17:00:01] ERROR: Error when checking Acces: undefined 
[2024-12-30 17:31:56] ERROR: Error fetching discussion events for user with ID: undefined: "syntax error at or near \"(\"" 
[2024-12-30 17:52:20] ERROR: Error fetching discussion events for user with ID: undefined: "column \"u.user_name\" must appear in the GROUP BY clause or be used in an aggregate function" 
[2024-12-30 17:52:50] ERROR: Error fetching discussion events for user with ID: undefined: "column \"u.user_name\" must appear in the GROUP BY clause or be used in an aggregate function" 
[2024-12-30 19:19:15] ERROR: Error fetching discussion events for user with ID: undefined: "column \"u.picture_path\" must appear in the GROUP BY clause or be used in an aggregate function" 
[2024-12-30 20:56:09] ERROR: Error fetching discussion events for user with ID: undefined: "syntax error at or near \"LIMIT\"" 
[2024-12-30 20:57:19] ERROR: Error fetching discussion events for user with ID: undefined: "syntax error at or near \"LIMIT\"" 
[2024-12-30 21:08:59] ERROR: Error fetching discussion events for user with ID: undefined: "in an aggregate with DISTINCT, ORDER BY expressions must appear in argument list" 
[2024-12-30 21:11:07] ERROR: Error fetching discussion events for user with ID: undefined: "in an aggregate with DISTINCT, ORDER BY expressions must appear in argument list" 
[2024-12-30 21:13:27] ERROR: Error fetching discussion events for user with ID: undefined: "syntax error at or near \"LIMIT\"" 
[2024-12-30 21:35:00] ERROR: Error updating user: "No field given" 
[2024-12-30 21:37:51] ERROR: Error updating user: "No field given" 
[2024-12-30 21:38:09] ERROR: Error updating user: "No field given" 
[2024-12-30 21:39:25] ERROR: Error updating user: "No field given" 
[2024-12-30 21:39:43] ERROR: Error updating user: "No field given" 
[2024-12-30 21:40:13] ERROR: Error updating user: "No field given" 
[2024-12-30 21:47:11] ERROR: Error updating user: "No field given" 
[2024-12-31 00:46:54] ERROR: Error updating event for user with ID: 1: "Cannot access 'id' before initialization" 
[2024-12-31 14:51:42] ERROR: Error performing combined search by categories and localities: "syntax error at or near \"where\"" 
[2024-12-31 14:52:03] ERROR: Error performing combined search by categories and localities: "syntax error at or near \"where\"" 
[2025-01-02 10:43:45] ERROR: Error performing combined search by categories and localities: "invalid input syntax for type bigint: \"NaN\"" 
[2025-01-02 10:49:30] ERROR: Error performing combined search by categories and localities: "invalid input syntax for type bigint: \"NaN\"" 
[2025-01-02 10:52:18] ERROR: Error performing combined search by categories and localities: "invalid input syntax for type bigint: \"NaN\"" 
[2025-01-02 10:52:44] ERROR: Error performing combined search by categories and localities: "invalid input syntax for type bigint: \"NaN\"" 
[2025-01-02 10:53:39] ERROR: Error performing combined search by categories and localities: "invalid input syntax for type bigint: \"NaN\"" 
[2025-01-04 14:23:42] ERROR: Error updating favorite status: "con is not defined" 
[2025-01-04 14:24:01] ERROR: Error updating favorite status: "con is not defined" 
[2025-01-04 14:24:03] ERROR: Error updating favorite status: "con is not defined" 
[2025-01-04 21:46:06] ERROR: Error following event: "insert or update on table \"linkuserevent\" violates foreign key constraint \"linkuserevent_event_id_fkey\"" 
[2025-01-05 13:00:45] ERROR: Error performing combined search by categories and localities: "OFFSET must not be negative" 
[2025-01-05 13:00:55] ERROR: Error performing combined search by categories and localities: "OFFSET must not be negative" 
[2025-01-05 13:00:59] ERROR: Error performing combined search by categories and localities: "OFFSET must not be negative" 
[2025-01-05 13:05:49] ERROR: Error performing combined search by categories and localities: "OFFSET must not be negative" 
[2025-01-05 13:06:10] ERROR: Error performing combined search by categories and localities: "OFFSET must not be negative" 
[2025-01-05 13:06:47] ERROR: Error performing combined search by categories and localities: "OFFSET must not be negative" 
[2025-01-05 13:06:50] ERROR: Error performing combined search by categories and localities: "OFFSET must not be negative" 
